<?xml version="1.0" encoding="UTF-8"?>
<!-- Generated by org.testng.reporters.JUnitXMLReporter -->
<testsuite ignored="0" hostname="DESKTOP-KSLA0T9" failures="1" tests="4" name="Test" time="63.296" errors="0" timestamp="2021-05-03T14:56:51 IST">
  <testcase classname="AmazonEndTOEnd.Amazon_TC_001" name="searchItem" time="18.548"/>
  <testcase classname="AmazonEndTOEnd.Amazon_TC_001" name="searchItem" time="3.381">
    <failure type="java.lang.AssertionError" message="expected [true] but found [false]">
      <![CDATA[java.lang.AssertionError: expected [true] but found [false]
at AmazonEndTOEnd.Amazon_TC_001.searchItem(Amazon_TC_001.java:58)
at java.base/java.util.ArrayList.forEach(ArrayList.java:1511)
... Removed 31 stack frames]]>
    </failure>
  </testcase> <!-- searchItem -->
  <testcase classname="AmazonEndTOEnd.Amazon_TC_001" name="Amazon" time="19.89"/>
  <testcase classname="AmazonEndTOEnd.Amazon_TC_001" name="checknoofElements" time="0.293"/>
</testsuite> <!-- Test -->
