<?xml version="1.0" encoding="UTF-8"?>
<testng-results ignored="0" total="2" passed="2" failed="0" skipped="0">
  <reporter-output>
  </reporter-output>
  <suite started-at="2021-05-05T12:42:36 IST" name="Suite" finished-at="2021-05-05T12:44:58 IST" duration-ms="142706">
    <groups>
    </groups>
    <test started-at="2021-05-05T12:42:36 IST" name="Test" finished-at="2021-05-05T12:44:58 IST" duration-ms="142706">
      <class name="AmazonEndTOEnd.Amazonpage1">
        <test-method is-config="true" signature="setup(java.lang.String, java.lang.String)[pri:0, instance:AmazonEndTOEnd.Amazonpage1@5ace1ed4]" started-at="2021-05-05T12:42:36 IST" name="setup" finished-at="2021-05-05T12:43:16 IST" duration-ms="39887" status="PASS">
          <params>
            <param index="0">
              <value>
                <![CDATA[Chrome]]>
              </value>
            </param>
            <param index="1">
              <value>
                <![CDATA[https://www.amazon.in/]]>
              </value>
            </param>
          </params>
          <reporter-output>
          </reporter-output>
        </test-method> <!-- setup -->
        <test-method signature="searchItem(java.lang.String)[pri:0, instance:AmazonEndTOEnd.Amazonpage1@5ace1ed4]" started-at="2021-05-05T12:43:33 IST" name="searchItem" data-provider="getdata" finished-at="2021-05-05T12:44:06 IST" duration-ms="33234" status="PASS">
          <params>
            <param index="0">
              <value>
                <![CDATA[ikea tables]]>
              </value>
            </param>
          </params>
          <reporter-output>
          </reporter-output>
        </test-method> <!-- searchItem -->
        <test-method signature="searchItem(java.lang.String)[pri:0, instance:AmazonEndTOEnd.Amazonpage1@5ace1ed4]" started-at="2021-05-05T12:44:06 IST" name="searchItem" data-provider="getdata" finished-at="2021-05-05T12:44:38 IST" duration-ms="32007" status="PASS">
          <params>
            <param index="0">
              <value>
                <![CDATA[Dettol soaps]]>
              </value>
            </param>
          </params>
          <reporter-output>
          </reporter-output>
        </test-method> <!-- searchItem -->
        <test-method is-config="true" signature="tearDown()[pri:0, instance:AmazonEndTOEnd.Amazonpage1@5ace1ed4]" started-at="2021-05-05T12:44:38 IST" name="tearDown" finished-at="2021-05-05T12:44:58 IST" duration-ms="20023" status="PASS">
          <reporter-output>
          </reporter-output>
        </test-method> <!-- tearDown -->
      </class> <!-- AmazonEndTOEnd.Amazonpage1 -->
    </test> <!-- Test -->
  </suite> <!-- Suite -->
</testng-results>
