<?xml version="1.0" encoding="UTF-8"?>
<testng-results ignored="0" total="2" passed="2" failed="0" skipped="0">
  <reporter-output>
  </reporter-output>
  <suite started-at="2021-05-05T13:58:58 IST" name="Suite" finished-at="2021-05-05T14:01:31 IST" duration-ms="153017">
    <groups>
    </groups>
    <test started-at="2021-05-05T13:58:58 IST" name="Test" finished-at="2021-05-05T14:01:31 IST" duration-ms="153017">
      <class name="AmazonEndTOEnd.Amazonpage1">
        <test-method is-config="true" signature="setup(java.lang.String,java.lang.String)[pri:0, instance:AmazonEndTOEnd.Amazonpage1@3972a855]" started-at="2021-05-05T13:59:00 IST" name="setup" finished-at="2021-05-05T13:59:44 IST" duration-ms="43176" status="PASS">
          <params>
            <param index="0">
              <value>
                <![CDATA[Chrome]]>
              </value>
            </param>
            <param index="1">
              <value>
                <![CDATA[https://www.amazon.in/]]>
              </value>
            </param>
          </params>
          <reporter-output>
          </reporter-output>
        </test-method> <!-- setup -->
        <test-method signature="searchItem(java.lang.String)[pri:0, instance:AmazonEndTOEnd.Amazonpage1@3972a855]" started-at="2021-05-05T13:59:54 IST" name="searchItem" data-provider="getdata" finished-at="2021-05-05T14:00:36 IST" duration-ms="42527" status="PASS">
          <params>
            <param index="0">
              <value>
                <![CDATA[ikea tables]]>
              </value>
            </param>
          </params>
          <reporter-output>
          </reporter-output>
        </test-method> <!-- searchItem -->
        <test-method signature="searchItem(java.lang.String)[pri:0, instance:AmazonEndTOEnd.Amazonpage1@3972a855]" started-at="2021-05-05T14:00:37 IST" name="searchItem" data-provider="getdata" finished-at="2021-05-05T14:01:07 IST" duration-ms="29839" status="PASS">
          <params>
            <param index="0">
              <value>
                <![CDATA[Dettol soaps]]>
              </value>
            </param>
          </params>
          <reporter-output>
          </reporter-output>
        </test-method> <!-- searchItem -->
        <test-method is-config="true" signature="tearDown()[pri:0, instance:AmazonEndTOEnd.Amazonpage1@3972a855]" started-at="2021-05-05T14:01:07 IST" name="tearDown" finished-at="2021-05-05T14:01:31 IST" duration-ms="24539" status="PASS">
          <reporter-output>
          </reporter-output>
        </test-method> <!-- tearDown -->
      </class> <!-- AmazonEndTOEnd.Amazonpage1 -->
    </test> <!-- Test -->
  </suite> <!-- Suite -->
</testng-results>
